[2022-05-2520:44:01] [ INFO ] [Main:13] Comienza la operación de división
[2022-05-2520:44:01] [ INFO ] [Main:15] Finalizó la operación
[2022-05-2520:44:31] [ INFO ] [Main:13] Comienza la operación de división
[2022-05-2520:44:31] [ ERROR] [Main:15] Finalizó la operación
[2022-05-2520:44:52] [ ERROR] [Main:15] Finalizó la operación
[2022-05-2520:47:02] [ INFO ] [Main:13] Comienza la operación de división
[2022-05-2520:47:02] [ INFO ] [Main:15] Finalizó la operación
[2022-05-2520:47:17] [ INFO ] [Main:13] Comienza la operación de división
[2022-05-2520:47:17] [ ERROR] [Main:17] División por cero.
[2022-05-2520:48:08] [ INFO ] [Main:13] Comienza la operación de división
[2022-05-2520:48:08] [ ERROR] [Main:17] División por cero
java.lang.ArithmeticException: / by zero
	at com.company.Main.main(Main.java:14)
[2022-05-2520:49:14] [ INFO ] [Main:13] Comienza la operación de división
[2022-05-2520:49:14] [ DEBUG] [Main:17] División por cero
java.lang.ArithmeticException: / by zero
	at com.company.Main.main(Main.java:14)
[2022-05-2520:50:42] [ INFO ] [Main:13] Comienza la operación de división
[2022-05-2520:50:42] [ ERROR] [Main:17] División por cero
java.lang.ArithmeticException: / by zero
	at com.company.Main.main(Main.java:14)
[2022-05-2521:35:38] [ INFO ] [Main:13] Comienza la operación de división
[2022-05-2521:35:38] [ ERROR] [Main:17] División por cero
java.lang.ArithmeticException: / by zero
	at com.company.Main.main(Main.java:14)
[2022-05-2521:43:05] [ INFO ] [Main:13] Comienza la operación de división
[2022-05-2521:43:05] [ ERROR] [Main:17] División por cero
java.lang.ArithmeticException: / by zero
	at com.company.Main.main(Main.java:14)
[2022-05-2521:43:05] [ WARN ] [Main:19] Advertencia el metodo MAIN esta por finalizar
[2022-05-2521:43:05] [ DEBUG] [Main:20] Esto va a mostrarse solo si el infoLogger esta en DEBUG
[2022-05-2521:43:05] [ INFO ] [Main:21] Finalizamos el thread MAIN
[2022-05-2521:44:28] [ ERROR] [Main:17] División por cero
java.lang.ArithmeticException: / by zero
	at com.company.Main.main(Main.java:14)
[2022-05-2521:45:08] [ INFO ] [Main:13] Comienza la operación de división
[2022-05-2521:45:08] [ ERROR] [Main:17] División por cero
java.lang.ArithmeticException: / by zero
	at com.company.Main.main(Main.java:14)
[2022-05-2521:45:08] [ WARN ] [Main:19] Advertencia el metodo MAIN esta por finalizar
[2022-05-2521:45:08] [ DEBUG] [Main:20] Esto va a mostrarse solo si el infoLogger esta en DEBUG
[2022-05-2521:45:08] [ INFO ] [Main:21] Finalizamos el thread MAIN
