[2022-07-0701:55:22] [INFO ] [DomicilioServiceTest:38] Se guardo el domicilio con el id: 3
[2022-07-0701:55:23] [INFO ] [DomicilioServiceTest:53] Se buscan todos los domicilios.
[2022-07-0702:01:50] [INFO ] [DomicilioServiceTest:45] Se elimino el domicilio con el id: 1
[2022-07-0702:03:20] [INFO ] [DomicilioServiceTest:37] Se guardo el domicilio con el id: 3
[2022-07-0702:03:21] [INFO ] [DomicilioServiceTest:45] Se elimino el domicilio con el id: 4
[2022-07-0702:03:21] [INFO ] [DomicilioServiceTest:52] Se buscan todos los domicilios.
[2022-07-0702:07:37] [INFO ] [OdontologoService:74] Se guarda el odontologo con el id: 1
[2022-07-0702:07:38] [INFO ] [OdontologoService:77] Se actualiza el odontologo.
[2022-07-0702:07:38] [INFO ] [OdontologoService:40] Se guardo el odontologo con el id: 4
[2022-07-0702:07:38] [INFO ] [OdontologoService:50] Se agrego el odontologo con el id: 5
[2022-07-0702:07:38] [INFO ] [OdontologoService:53] Se elimina el odontologo con el id: 5
[2022-07-0702:07:39] [INFO ] [OdontologoService:63] Se buscan todos los odontologos en la base de datos.
[2022-07-0702:09:45] [INFO ] [OdontologoService:74] Se guarda el odontologo con el id: 1nombre: ODONTOGOLOapellido: Paezmatricula: 124
[2022-07-0702:09:45] [INFO ] [OdontologoService:77] Se actualiza el odontologocon con el id: 1nombre: Odontologoapellido: Paezmatricula: 124
[2022-07-0702:11:40] [INFO ] [OdontologoService:74] Se guarda el odontologo con el id: 1 nombre: ODONTOGOLO apellido: Paez matricula: 124
[2022-07-0702:11:40] [INFO ] [OdontologoService:77] Se actualiza el odontologocon con el id: 1 nombre:  Odontologo apellido: Paez matricula: 124
[2022-07-0702:12:27] [INFO ] [OdontologoService:74] Se guarda el odontologo con el id: 1 nombre: ODONTOGOLO apellido: Paez matricula: 124
[2022-07-0702:12:27] [INFO ] [OdontologoService:77] Se actualiza el odontologocon con el id: 1 nombre: Odontologo apellido: Paez matricula: 124
[2022-07-0702:18:21] [INFO ] [PacienteServiceTest:93] Se actualiza el paciente con el id:1 Nombre: Belena Apellido: Perez DNI: 1234563
[2022-07-0702:18:21] [INFO ] [PacienteServiceTest:96] Se actualiza el paciente con el id:1 Nombre: Belen Apellido: Perez DNI: 1234563
[2022-07-0702:18:21] [INFO ] [PacienteServiceTest:54] Se guarda el paciente con el id: 4
[2022-07-0702:18:21] [INFO ] [PacienteServiceTest:65] Se guarda el paciente con el id: 5
[2022-07-0702:18:21] [INFO ] [PacienteServiceTest:67] Se elimina el paciente con el id: 5
[2022-07-0702:18:21] [INFO ] [PacienteServiceTest:81] Se buscan todos los pacientes en la base de datos.
[2022-07-0820:38:49] [INFO ] [OdontologoServiceTest:74] Se guarda el odontologo con el id: 1 nombre: ODONTOGOLO apellido: Paez matricula: 124
[2022-07-0820:38:50] [INFO ] [OdontologoServiceTest:77] Se actualiza el odontologocon con el id: 1 nombre: Odontologo apellido: Paez matricula: 124
[2022-07-0820:38:50] [INFO ] [OdontologoServiceTest:40] Se guardo el odontologo con el id: 4
[2022-07-0820:38:50] [INFO ] [OdontologoServiceTest:50] Se agrego el odontologo con el id: 5
[2022-07-0820:38:50] [INFO ] [OdontologoServiceTest:53] Se elimina el odontologo con el id: 5
[2022-07-0820:38:50] [INFO ] [OdontologoServiceTest:63] Se buscan todos los odontologos en la base de datos.
[2022-07-0820:38:58] [INFO ] [TurnoServiceTest:102] Se actualizo el turno.
[2022-07-0820:38:58] [INFO ] [TurnoServiceTest:49] Se registra el turno con el id: 53
[2022-07-0820:38:58] [INFO ] [TurnoServiceTest:61] Se registra el turno con el id: 54
[2022-07-0820:38:58] [INFO ] [TurnoServiceTest:63] Se elimina el turno con el id: 54
[2022-07-0820:38:58] [INFO ] [TurnoServiceTest:82] Se buscan los turnos con en la base de datos
[2022-07-0820:39:00] [INFO ] [DomicilioServiceTest:37] Se guardo el domicilio con el id: 59
[2022-07-0820:39:00] [INFO ] [DomicilioServiceTest:45] Se elimino el domicilio con el id: 60
[2022-07-0820:39:00] [INFO ] [DomicilioServiceTest:52] Se buscan todos los domicilios.
[2022-07-0820:39:00] [INFO ] [PacienteServiceTest:93] Se actualiza el paciente con el id:57 Nombre: Belena Apellido: Perez DNI: 1234563
[2022-07-0820:39:00] [INFO ] [PacienteServiceTest:96] Se actualiza el paciente con el id:57 Nombre: Belen Apellido: Perez DNI: 1234563
[2022-07-0820:39:00] [INFO ] [PacienteServiceTest:54] Se guarda el paciente con el id: 60
[2022-07-0820:39:00] [INFO ] [PacienteServiceTest:65] Se guarda el paciente con el id: 61
[2022-07-0820:39:00] [INFO ] [PacienteServiceTest:67] Se elimina el paciente con el id: 61
[2022-07-0820:39:01] [INFO ] [PacienteServiceTest:81] Se buscan todos los pacientes en la base de datos.
[2022-07-0900:10:59] [INFO ] [OdontologoServiceTest:74] Se guarda el odontologo con el id: 1 nombre: ODONTOGOLO apellido: Paez matricula: 124
[2022-07-0900:10:59] [INFO ] [OdontologoServiceTest:77] Se actualiza el odontologocon con el id: 1 nombre: Odontologo apellido: Paez matricula: 124
[2022-07-0900:10:59] [INFO ] [OdontologoServiceTest:40] Se guardo el odontologo con el id: 4
[2022-07-0900:10:59] [INFO ] [OdontologoServiceTest:50] Se agrego el odontologo con el id: 5
[2022-07-0900:10:59] [INFO ] [OdontologoServiceTest:53] Se elimina el odontologo con el id: 5
[2022-07-0900:10:59] [INFO ] [OdontologoServiceTest:63] Se buscan todos los odontologos en la base de datos.
[2022-07-0900:11:02] [INFO ] [TurnoServiceTest:102] Se actualizo el turno.
[2022-07-0900:11:02] [INFO ] [TurnoServiceTest:49] Se registra el turno con el id: 53
[2022-07-0900:11:02] [INFO ] [TurnoServiceTest:61] Se registra el turno con el id: 54
[2022-07-0900:11:02] [INFO ] [TurnoServiceTest:63] Se elimina el turno con el id: 54
[2022-07-0900:11:02] [INFO ] [TurnoServiceTest:82] Se buscan los turnos con en la base de datos
[2022-07-0900:11:03] [INFO ] [DomicilioServiceTest:37] Se guardo el domicilio con el id: 59
[2022-07-0900:11:03] [INFO ] [DomicilioServiceTest:45] Se elimino el domicilio con el id: 60
[2022-07-0900:11:03] [INFO ] [DomicilioServiceTest:52] Se buscan todos los domicilios.
[2022-07-0900:11:03] [INFO ] [PacienteServiceTest:93] Se actualiza el paciente con el id:57 Nombre: Belena Apellido: Perez DNI: 1234563
[2022-07-0900:11:03] [INFO ] [PacienteServiceTest:96] Se actualiza el paciente con el id:57 Nombre: Belen Apellido: Perez DNI: 1234563
[2022-07-0900:11:03] [INFO ] [PacienteServiceTest:54] Se guarda el paciente con el id: 60
[2022-07-0900:11:03] [INFO ] [PacienteServiceTest:65] Se guarda el paciente con el id: 61
[2022-07-0900:11:03] [INFO ] [PacienteServiceTest:67] Se elimina el paciente con el id: 61
[2022-07-0900:11:03] [INFO ] [PacienteServiceTest:81] Se buscan todos los pacientes en la base de datos.
[2022-07-1100:17:34] [INFO ] [OdontologoServiceTest:74] Se guarda el odontologo con el id: 1 nombre: ODONTOGOLO apellido: Paez matricula: 124
[2022-07-1100:17:34] [INFO ] [OdontologoServiceTest:77] Se actualiza el odontologocon con el id: 1 nombre: Odontologo apellido: Paez matricula: 124
[2022-07-1100:17:34] [INFO ] [OdontologoServiceTest:40] Se guardo el odontologo con el id: 4
[2022-07-1100:17:34] [INFO ] [OdontologoServiceTest:50] Se agrego el odontologo con el id: 5
[2022-07-1100:17:34] [INFO ] [OdontologoServiceTest:53] Se elimina el odontologo con el id: 5
[2022-07-1100:17:35] [INFO ] [OdontologoServiceTest:63] Se buscan todos los odontologos en la base de datos.
[2022-07-1100:17:40] [INFO ] [TurnoServiceTest:102] Se actualizo el turno.
[2022-07-1100:17:40] [INFO ] [TurnoServiceTest:49] Se registra el turno con el id: 53
[2022-07-1100:17:40] [INFO ] [TurnoServiceTest:61] Se registra el turno con el id: 54
[2022-07-1100:17:40] [INFO ] [TurnoServiceTest:63] Se elimina el turno con el id: 54
[2022-07-1100:17:40] [INFO ] [TurnoServiceTest:82] Se buscan los turnos con en la base de datos
[2022-07-1100:17:41] [INFO ] [DomicilioServiceTest:39] Se guardo el domicilio con el id: 59
[2022-07-1100:17:41] [INFO ] [DomicilioServiceTest:49] Se elimino el domicilio con el id: 60
[2022-07-1100:17:41] [INFO ] [DomicilioServiceTest:58] Se buscan todos los domicilios.
[2022-07-1100:17:41] [INFO ] [PacienteServiceTest:93] Se actualiza el paciente con el id:57 Nombre: Belena Apellido: Perez DNI: 1234563
[2022-07-1100:17:41] [INFO ] [PacienteServiceTest:96] Se actualiza el paciente con el id:57 Nombre: Belen Apellido: Perez DNI: 1234563
[2022-07-1100:17:41] [INFO ] [PacienteServiceTest:54] Se guarda el paciente con el id: 60
[2022-07-1100:17:41] [INFO ] [PacienteServiceTest:65] Se guarda el paciente con el id: 61
[2022-07-1100:17:41] [INFO ] [PacienteServiceTest:67] Se elimina el paciente con el id: 61
[2022-07-1100:17:41] [INFO ] [PacienteServiceTest:81] Se buscan todos los pacientes en la base de datos.
[2022-07-1101:39:00] [INFO ] [DataLoader:28] Password encrypted
[2022-07-1101:39:00] [INFO ] [DataLoader:31] Password encrypted
[2022-07-1101:39:00] [INFO ] [DataLoader:39] Usuarios Admin y User creados
[2022-07-1101:44:55] [INFO ] [OdontologoService:55] Se buscan todos los odontologos
[2022-07-1117:11:19] [INFO ] [DataLoader:28] Password encrypted
[2022-07-1117:11:19] [INFO ] [DataLoader:31] Password encrypted
[2022-07-1117:11:19] [INFO ] [DataLoader:39] Usuarios Admin y User creados
[2022-07-1117:11:30] [INFO ] [OdontologoService:55] Se buscan todos los odontologos
[2022-07-1117:12:34] [INFO ] [DataLoader:28] Password encrypted
[2022-07-1117:12:34] [INFO ] [DataLoader:31] Password encrypted
[2022-07-1117:12:34] [INFO ] [DataLoader:39] Usuarios Admin y User creados
[2022-07-1117:12:55] [INFO ] [OdontologoService:55] Se buscan todos los odontologos
[2022-07-1117:13:05] [INFO ] [OdontologoService:25] Se guarda el odontologo con el id: null
[2022-07-1117:13:07] [INFO ] [OdontologoService:55] Se buscan todos los odontologos
[2022-07-1117:13:09] [INFO ] [OdontologoService:55] Se buscan todos los odontologos
[2022-07-1117:13:14] [INFO ] [PacienteService:28] Se guarda un paciente con el id: null
[2022-07-1117:13:15] [INFO ] [PacienteService:43] Se buscan todos los paciente
[2022-07-1117:13:17] [INFO ] [OdontologoService:55] Se buscan todos los odontologos
[2022-07-1117:21:08] [INFO ] [DataLoader:28] Password encrypted
[2022-07-1117:21:08] [INFO ] [DataLoader:31] Password encrypted
[2022-07-1117:21:08] [INFO ] [DataLoader:39] Usuarios Admin y User creados
[2022-07-1117:23:00] [INFO ] [OdontologoService:55] Se buscan todos los odontologos
[2022-07-1117:23:05] [INFO ] [OdontologoService:25] Se guarda el odontologo con el id: null
[2022-07-1117:23:06] [INFO ] [OdontologoService:55] Se buscan todos los odontologos
[2022-07-1117:23:08] [INFO ] [OdontologoService:55] Se buscan todos los odontologos
[2022-07-1117:23:14] [INFO ] [PacienteService:28] Se guarda un paciente con el id: null
[2022-07-1117:23:15] [INFO ] [PacienteService:43] Se buscan todos los paciente
[2022-07-1117:23:17] [INFO ] [OdontologoService:55] Se buscan todos los odontologos
[2022-07-1117:24:05] [INFO ] [DataLoader:28] Password encrypted
[2022-07-1117:24:05] [INFO ] [DataLoader:31] Password encrypted
[2022-07-1117:24:05] [INFO ] [DataLoader:39] Usuarios Admin y User creados
[2022-07-1117:24:16] [INFO ] [OdontologoService:55] Se buscan todos los odontologos
[2022-07-1117:24:21] [INFO ] [OdontologoService:25] Se guarda el odontologo con el id: null
[2022-07-1117:24:23] [INFO ] [OdontologoService:55] Se buscan todos los odontologos
[2022-07-1117:24:24] [INFO ] [OdontologoService:55] Se buscan todos los odontologos
[2022-07-1117:24:29] [INFO ] [PacienteService:28] Se guarda un paciente con el id: null
[2022-07-1117:24:31] [INFO ] [PacienteService:43] Se buscan todos los paciente
[2022-07-1117:24:32] [INFO ] [OdontologoService:55] Se buscan todos los odontologos
[2022-07-1117:25:56] [INFO ] [DataLoader:28] Password encrypted
[2022-07-1117:25:56] [INFO ] [DataLoader:31] Password encrypted
[2022-07-1117:25:56] [INFO ] [DataLoader:39] Usuarios Admin y User creados
[2022-07-1117:26:14] [INFO ] [OdontologoService:55] Se buscan todos los odontologos
[2022-07-1117:26:25] [INFO ] [OdontologoService:55] Se buscan todos los odontologos
[2022-07-1117:26:34] [INFO ] [OdontologoService:25] Se guarda el odontologo con el id: null
[2022-07-1117:26:36] [INFO ] [OdontologoService:55] Se buscan todos los odontologos
[2022-07-1117:26:36] [INFO ] [OdontologoService:55] Se buscan todos los odontologos
[2022-07-1117:26:41] [INFO ] [PacienteService:28] Se guarda un paciente con el id: null
[2022-07-1117:26:42] [INFO ] [PacienteService:43] Se buscan todos los paciente
[2022-07-1117:26:43] [INFO ] [OdontologoService:55] Se buscan todos los odontologos
[2022-07-1117:30:32] [INFO ] [DataLoader:28] Password encrypted
[2022-07-1117:30:32] [INFO ] [DataLoader:31] Password encrypted
[2022-07-1117:30:32] [INFO ] [DataLoader:39] Usuarios Admin y User creados
[2022-07-1117:30:55] [INFO ] [OdontologoService:55] Se buscan todos los odontologos
[2022-07-1117:31:04] [INFO ] [OdontologoService:25] Se guarda el odontologo con el id: null
[2022-07-1117:31:05] [INFO ] [OdontologoService:55] Se buscan todos los odontologos
[2022-07-1117:31:08] [INFO ] [OdontologoService:55] Se buscan todos los odontologos
[2022-07-1117:31:12] [INFO ] [OdontologoService:55] Se buscan todos los odontologos
[2022-07-1117:31:13] [INFO ] [OdontologoService:55] Se buscan todos los odontologos
[2022-07-1117:31:22] [INFO ] [OdontologoService:55] Se buscan todos los odontologos
[2022-07-1117:31:28] [INFO ] [PacienteService:28] Se guarda un paciente con el id: null
[2022-07-1117:31:29] [INFO ] [PacienteService:43] Se buscan todos los paciente
[2022-07-1117:31:31] [INFO ] [OdontologoService:55] Se buscan todos los odontologos
[2022-07-1117:35:43] [INFO ] [DataLoader:28] Password encrypted
[2022-07-1117:35:43] [INFO ] [DataLoader:31] Password encrypted
[2022-07-1117:35:43] [INFO ] [DataLoader:39] Usuarios Admin y User creados
[2022-07-1117:35:52] [INFO ] [OdontologoService:55] Se buscan todos los odontologos
[2022-07-1117:35:56] [INFO ] [OdontologoService:25] Se guarda el odontologo con el id: null
[2022-07-1117:35:57] [INFO ] [OdontologoService:55] Se buscan todos los odontologos
[2022-07-1117:35:58] [INFO ] [OdontologoService:55] Se buscan todos los odontologos
[2022-07-1117:36:39] [INFO ] [PacienteService:43] Se buscan todos los paciente
[2022-07-1117:36:44] [INFO ] [PacienteService:28] Se guarda un paciente con el id: null
[2022-07-1117:36:46] [INFO ] [PacienteService:43] Se buscan todos los paciente
[2022-07-1117:36:47] [INFO ] [OdontologoService:55] Se buscan todos los odontologos
[2022-07-1117:37:31] [INFO ] [OdontologoService:55] Se buscan todos los odontologos
[2022-07-1117:37:43] [INFO ] [OdontologoService:55] Se buscan todos los odontologos
[2022-07-1117:37:46] [INFO ] [OdontologoService:55] Se buscan todos los odontologos
[2022-07-1117:37:51] [INFO ] [PacienteService:43] Se buscan todos los paciente
[2022-07-1117:38:00] [INFO ] [OdontologoService:55] Se buscan todos los odontologos
[2022-07-1117:41:41] [INFO ] [DataLoader:28] Password encrypted
[2022-07-1117:41:41] [INFO ] [DataLoader:31] Password encrypted
[2022-07-1117:41:41] [INFO ] [DataLoader:39] Usuarios Admin y User creados
[2022-07-1117:41:58] [INFO ] [OdontologoService:55] Se buscan todos los odontologos
[2022-07-1117:42:05] [INFO ] [OdontologoService:25] Se guarda el odontologo con el id: null
[2022-07-1117:42:06] [INFO ] [OdontologoService:55] Se buscan todos los odontologos
[2022-07-1117:42:10] [INFO ] [OdontologoService:55] Se buscan todos los odontologos
[2022-07-1117:42:16] [INFO ] [PacienteService:28] Se guarda un paciente con el id: null
[2022-07-1117:42:18] [INFO ] [PacienteService:43] Se buscan todos los paciente
[2022-07-1117:42:24] [INFO ] [OdontologoService:55] Se buscan todos los odontologos
[2022-07-1117:46:05] [INFO ] [DataLoader:28] Password encrypted
[2022-07-1117:46:05] [INFO ] [DataLoader:31] Password encrypted
[2022-07-1117:46:05] [INFO ] [DataLoader:39] Usuarios Admin y User creados
[2022-07-1117:46:14] [INFO ] [OdontologoService:55] Se buscan todos los odontologos
[2022-07-1117:46:21] [INFO ] [OdontologoService:25] Se guarda el odontologo con el id: null
[2022-07-1117:46:23] [INFO ] [OdontologoService:55] Se buscan todos los odontologos
[2022-07-1117:46:25] [INFO ] [OdontologoService:55] Se buscan todos los odontologos
[2022-07-1117:46:31] [INFO ] [PacienteService:28] Se guarda un paciente con el id: null
[2022-07-1117:46:32] [INFO ] [PacienteService:43] Se buscan todos los paciente
[2022-07-1117:46:34] [INFO ] [OdontologoService:55] Se buscan todos los odontologos
[2022-07-1117:50:04] [INFO ] [DataLoader:28] Password encrypted
[2022-07-1117:50:04] [INFO ] [DataLoader:31] Password encrypted
[2022-07-1117:50:04] [INFO ] [DataLoader:39] Usuarios Admin y User creados
[2022-07-1117:50:35] [INFO ] [OdontologoService:55] Se buscan todos los odontologos
[2022-07-1117:50:38] [INFO ] [OdontologoService:25] Se guarda el odontologo con el id: null
[2022-07-1117:50:40] [INFO ] [OdontologoService:55] Se buscan todos los odontologos
[2022-07-1117:50:41] [INFO ] [OdontologoService:55] Se buscan todos los odontologos
[2022-07-1117:50:47] [INFO ] [PacienteService:43] Se buscan todos los paciente
[2022-07-1117:50:48] [INFO ] [OdontologoService:55] Se buscan todos los odontologos
[2022-07-1117:50:52] [INFO ] [PacienteService:43] Se buscan todos los paciente
[2022-07-1117:51:49] [INFO ] [PacienteService:28] Se guarda un paciente con el id: null
[2022-07-1117:51:51] [INFO ] [PacienteService:43] Se buscan todos los paciente
[2022-07-1117:51:57] [INFO ] [OdontologoService:55] Se buscan todos los odontologos
[2022-07-1117:56:29] [INFO ] [DataLoader:28] Password encrypted
[2022-07-1117:56:29] [INFO ] [DataLoader:31] Password encrypted
[2022-07-1117:56:29] [INFO ] [DataLoader:39] Usuarios Admin y User creados
[2022-07-1117:57:00] [INFO ] [OdontologoService:55] Se buscan todos los odontologos
[2022-07-1117:57:04] [INFO ] [OdontologoService:25] Se guarda el odontologo con el id: null
[2022-07-1117:57:05] [INFO ] [OdontologoService:55] Se buscan todos los odontologos
[2022-07-1117:57:07] [INFO ] [OdontologoService:55] Se buscan todos los odontologos
[2022-07-1117:57:11] [INFO ] [PacienteService:28] Se guarda un paciente con el id: null
[2022-07-1117:57:13] [INFO ] [PacienteService:43] Se buscan todos los paciente
[2022-07-1117:57:14] [INFO ] [OdontologoService:55] Se buscan todos los odontologos
[2022-07-1118:00:08] [INFO ] [DataLoader:28] Password encrypted
[2022-07-1118:00:08] [INFO ] [DataLoader:31] Password encrypted
[2022-07-1118:00:08] [INFO ] [DataLoader:39] Usuarios Admin y User creados
[2022-07-1118:00:16] [INFO ] [OdontologoService:55] Se buscan todos los odontologos
[2022-07-1118:00:20] [INFO ] [OdontologoService:25] Se guarda el odontologo con el id: null
[2022-07-1118:00:21] [INFO ] [OdontologoService:55] Se buscan todos los odontologos
[2022-07-1118:00:23] [INFO ] [OdontologoService:55] Se buscan todos los odontologos
[2022-07-1118:00:29] [INFO ] [PacienteService:28] Se guarda un paciente con el id: null
[2022-07-1118:00:30] [INFO ] [PacienteService:43] Se buscan todos los paciente
[2022-07-1118:00:32] [INFO ] [OdontologoService:55] Se buscan todos los odontologos
[2022-07-1118:01:55] [INFO ] [OdontologoService:55] Se buscan todos los odontologos
